#
# A fatal error has been detected by the Java Runtime Environment:
#
#  EXCEPTION_ACCESS_VIOLATION (0xc0000005) at pc=0x000000006ebb27ae, pid=1832, tid=0x0000000000000760
#
# JRE version: OpenJDK Runtime Environment (8.0) (build 1.8.0-adoptopenjdk-_2018_05_19_00_59-b00)
# Java VM: OpenJDK 64-Bit Server VM (25.71-b00 mixed mode windows-amd64 compressed oops)
# Problematic frame:
# V  [jvm.dll+0x1027ae]
#
# Failed to write core dump. Minidumps are not enabled by default on client versions of Windows
#
# If you would like to submit a bug report, please visit:
#   http://bugreport.java.com/bugreport/crash.jsp
#

---------------  T H R E A D  ---------------

Current thread (0x0000000002bf4800):  JavaThread "main" [_thread_in_vm, id=1888, stack(0x0000000002af0000,0x0000000002bf0000)]

siginfo: ExceptionCode=0xc0000005, writing address 0x00000007c036eb18

Registers:
RAX=0x0000000000000200, RBX=0x0000000000000000, RCX=0x00000007c036eb18, RDX=0x000000000000000c
RSP=0x0000000002bedb50, RBP=0x0000000002bedc11, RSI=0x00000007c036eb18, RDI=0x00000000258b30d0
R8 =0x000000000000000c, R9 =0x0000000002ae82f0, R10=0x0000000000000000, R11=0x00000000258b30d0
R12=0x0000000000000000, R13=0x0000000002bf4800, R14=0x0000000000000005, R15=0x00000000258b2e30
RIP=0x000000006ebb27ae, EFLAGS=0x0000000000010246

Top of Stack: (sp=0x0000000002bedb50)
0x0000000002bedb50:   0000000002bedc11 00000007c016e8d0
0x0000000002bedb60:   0000000000000000 0000000000000000
0x0000000002bedb70:   0000000002bf4800 000000002b1dd340
0x0000000002bedb80:   0000000002bf5260 000000000000000c
0x0000000002bedb90:   00000000258b33f0 000000006ebb346c
0x0000000002bedba0:   0000000000000019 00000000258b30d0
0x0000000002bedbb0:   0000000002bf4800 0000000000000005
0x0000000002bedbc0:   00000000258b2e30 000000002b1dd050
0x0000000002bedbd0:   0000001400000000 0000000000000000
0x0000000002bedbe0:   0000000000000007 0000000002bf4800
0x0000000002bedbf0:   0000000002ae99a0 0000000002bf5640
0x0000000002bedc00:   0000000002bf5680 0000000002bf5728
0x0000000002bedc10:   00000000000000d8 0000000002bedca0
0x0000000002bedc20:   0000000002bf4800 0000000002bf4800
0x0000000002bedc30:   0000000000000001 0000000002bf4800
0x0000000002bedc40:   0000000000000001 0000000000000041 

Instructions: (pc=0x000000006ebb27ae)
0x000000006ebb278e:   03 31 48 85 ff 0f 84 d3 00 00 00 48 8b ce e8 0f
0x000000006ebb279e:   ff fb ff 84 c0 74 09 44 38 25 a4 e7 6b 00 74 4f
0x000000006ebb27ae:   48 89 3e eb 4a 84 c9 75 4a 48 8b 0d ba e9 6b 00
0x000000006ebb27be:   e8 ed b4 fc ff b9 f6 ff ff ff 2b 4e 24 4c 8b e8 


Register to memory mapping:

RAX=0x0000000000000200 is an unknown value
RBX=0x0000000000000000 is an unknown value
RCX=0x00000007c036eb18 is an unknown value
RDX=0x000000000000000c is an unknown value
RSP=0x0000000002bedb50 is pointing into the stack for thread: 0x0000000002bf4800
RBP=0x0000000002bedc11 is pointing into the stack for thread: 0x0000000002bf4800
RSI=0x00000007c036eb18 is an unknown value
RDI={method} {0x00000000258b30d8} 'thenComparing' '(Ljava/util/Comparator;)Ljava/util/Comparator;' in 'java/util/Comparator'
R8 =0x000000000000000c is an unknown value
R9 =0x0000000002ae82f0 is an unknown value
R10=0x0000000000000000 is an unknown value
R11={method} {0x00000000258b30d8} 'thenComparing' '(Ljava/util/Comparator;)Ljava/util/Comparator;' in 'java/util/Comparator'
R12=0x0000000000000000 is an unknown value
R13=0x0000000002bf4800 is a thread
R14=0x0000000000000005 is an unknown value
R15=0x00000000258b2e30 is pointing into metadata


Stack: [0x0000000002af0000,0x0000000002bf0000],  sp=0x0000000002bedb50,  free space=1014k
Native frames: (J=compiled Java code, j=interpreted, Vv=VM code, C=native code)
V  [jvm.dll+0x1027ae]
V  [jvm.dll+0x103612]
V  [jvm.dll+0xeb903]
V  [jvm.dll+0xf0017]
V  [jvm.dll+0xf04e5]
V  [jvm.dll+0x9743d]
C  0x0000000002d15e55

Java frames: (J=compiled Java code, j=interpreted, Vv=VM code)
j  com.sun.org.apache.xerces.internal.impl.xs.XSConstraints.<clinit>()V+18
v  ~StubRoutines::call_stub
j  com.sun.org.apache.xerces.internal.impl.xs.XMLSchemaLoader.loadGrammar(Lcom/sun/org/apache/xerces/internal/xni/parser/XMLInputSource;)Lcom/sun/org/apache/xerces/internal/xni/grammars/Grammar;+144
j  com.sun.org.apache.xerces.internal.impl.xs.XMLSchemaLoader.loadGrammar([Lcom/sun/org/apache/xerces/internal/xni/parser/XMLInputSource;)V+14
j  com.sun.org.apache.xerces.internal.jaxp.validation.XMLSchemaFactory.newSchema([Ljavax/xml/transform/Source;)Ljavax/xml/validation/Schema;+368
j  com.android.repository.impl.meta.SchemaModuleUtil.getSchema(Ljava/util/Collection;Lorg/w3c/dom/ls/LSResourceResolver;Lcom/android/repository/api/ProgressIndicator;)Ljavax/xml/validation/Schema;+219
j  com.android.repository.impl.meta.SchemaModuleUtil.setupUnmarshaller(Ljava/util/Collection;Lorg/w3c/dom/ls/LSResourceResolver;ZLcom/android/repository/api/ProgressIndicator;)Ljavax/xml/bind/Unmarshaller;+9
j  com.android.repository.impl.meta.SchemaModuleUtil.unmarshal(Ljava/io/InputStream;Ljava/util/Collection;Lorg/w3c/dom/ls/LSResourceResolver;ZLcom/android/repository/api/ProgressIndicator;)Ljava/lang/Object;+5
j  com.android.repository.impl.manager.LocalRepoLoaderImpl.parsePackage(Ljava/io/File;Lcom/android/repository/api/ProgressIndicator;)Lcom/android/repository/api/LocalPackage;+52
j  com.android.repository.impl.manager.LocalRepoLoaderImpl.parsePackages(Ljava/util/Collection;Lcom/android/repository/api/ProgressIndicator;)Ljava/util/Map;+68
j  com.android.repository.impl.manager.LocalRepoLoaderImpl.getPackages(Lcom/android/repository/api/ProgressIndicator;)Ljava/util/Map;+16
j  com.android.repository.impl.manager.RepoManagerImpl$LoadTask.run(Lcom/android/repository/api/ProgressIndicator;Lcom/android/repository/api/ProgressRunner;)V+94
j  com.android.repository.api.RepoManager$DummyProgressRunner.runSyncWithProgress(Lcom/android/repository/api/ProgressRunner$ProgressRunnable;)V+6
j  com.android.repository.impl.manager.RepoManagerImpl.load(JLjava/util/List;Ljava/util/List;Ljava/util/List;Lcom/android/repository/api/ProgressRunner;Lcom/android/repository/api/Downloader;Lcom/android/repository/api/SettingsController;Z)V+218
j  com.android.repository.api.RepoManager.loadSynchronously(JLcom/android/repository/api/ProgressIndicator;Lcom/android/repository/api/Downloader;Lcom/android/repository/api/SettingsController;)Z+37
j  com.android.sdklib.repository.AndroidSdkHandler$RepoConfig.createRepoManager(Lcom/android/repository/api/ProgressIndicator;Ljava/io/File;Lcom/android/repository/impl/sources/LocalSourceProvider;Lcom/android/repository/io/FileOp;)Lcom/android/repository/api/RepoManager;+166
j  com.android.sdklib.repository.AndroidSdkHandler.getSdkManager(Lcom/android/repository/api/ProgressIndicator;)Lcom/android/repository/api/RepoManager;+48
j  com.android.sdklib.tool.sdkmanager.SdkManagerCliSettings.setSdkHandler(Lcom/android/sdklib/repository/AndroidSdkHandler;)V+30
j  com.android.sdklib.tool.sdkmanager.SdkManagerCli.<init>(Lcom/android/sdklib/tool/sdkmanager/SdkManagerCliSettings;Ljava/io/PrintStream;Ljava/io/InputStream;Lcom/android/repository/api/Downloader;Lcom/android/sdklib/repository/AndroidSdkHandler;)V+40
j  com.android.sdklib.tool.sdkmanager.SdkManagerCli.main(Ljava/util/List;)V+141
j  com.android.sdklib.tool.sdkmanager.SdkManagerCli.main([Ljava/lang/String;)V+4
v  ~StubRoutines::call_stub

---------------  P R O C E S S  ---------------

Java Threads: ( => current thread )
  0x0000000027d58800 JavaThread "Service Thread" daemon [_thread_blocked, id=9868, stack(0x000000002a5d0000,0x000000002a6d0000)]
  0x0000000027d0d800 JavaThread "C1 CompilerThread11" daemon [_thread_blocked, id=18856, stack(0x000000002a4d0000,0x000000002a5d0000)]
  0x0000000027cfd000 JavaThread "C1 CompilerThread10" daemon [_thread_blocked, id=22416, stack(0x000000002a3d0000,0x000000002a4d0000)]
  0x0000000027cd7000 JavaThread "C1 CompilerThread9" daemon [_thread_blocked, id=22116, stack(0x000000002a2d0000,0x000000002a3d0000)]
  0x0000000027cc6800 JavaThread "C1 CompilerThread8" daemon [_thread_blocked, id=15800, stack(0x000000002a0d0000,0x000000002a1d0000)]
  0x0000000027cab000 JavaThread "C2 CompilerThread7" daemon [_thread_blocked, id=10648, stack(0x0000000029fd0000,0x000000002a0d0000)]
  0x0000000027c92800 JavaThread "C2 CompilerThread6" daemon [_thread_blocked, id=17872, stack(0x0000000029ed0000,0x0000000029fd0000)]
  0x0000000027c89800 JavaThread "C2 CompilerThread5" daemon [_thread_blocked, id=13280, stack(0x0000000029dd0000,0x0000000029ed0000)]
  0x0000000027c85000 JavaThread "C2 CompilerThread4" daemon [_thread_blocked, id=13004, stack(0x0000000029cd0000,0x0000000029dd0000)]
  0x0000000027c84000 JavaThread "C2 CompilerThread3" daemon [_thread_blocked, id=872, stack(0x0000000029bd0000,0x0000000029cd0000)]
  0x0000000027c7d000 JavaThread "C2 CompilerThread2" daemon [_thread_blocked, id=20428, stack(0x0000000029ad0000,0x0000000029bd0000)]
  0x0000000027c7c800 JavaThread "C2 CompilerThread1" daemon [_thread_blocked, id=20108, stack(0x00000000299d0000,0x0000000029ad0000)]
  0x0000000027c7a000 JavaThread "C2 CompilerThread0" daemon [_thread_blocked, id=6184, stack(0x00000000298d0000,0x00000000299d0000)]
  0x0000000027c65000 JavaThread "Attach Listener" daemon [_thread_blocked, id=3992, stack(0x00000000297d0000,0x00000000298d0000)]
  0x00000000261f8800 JavaThread "Signal Dispatcher" daemon [_thread_blocked, id=8264, stack(0x00000000296d0000,0x00000000297d0000)]
  0x0000000027c56800 JavaThread "Finalizer" daemon [_thread_blocked, id=21248, stack(0x00000000294c0000,0x00000000295c0000)]
  0x00000000261ec800 JavaThread "Reference Handler" daemon [_thread_blocked, id=9104, stack(0x00000000293c0000,0x00000000294c0000)]
=>0x0000000002bf4800 JavaThread "main" [_thread_in_vm, id=1888, stack(0x0000000002af0000,0x0000000002bf0000)]

Other Threads:
  0x0000000027c34800 VMThread [stack: 0x00000000292c0000,0x00000000293c0000] [id=18280]
  0x0000000027d5b800 WatcherThread [stack: 0x000000002a6d0000,0x000000002a7d0000] [id=2492]

VM state:not at safepoint (normal execution)

VM Mutex/Monitor currently owned by a thread: None

Heap:
 PSYoungGen      total 153088K, used 31602K [0x0000000715980000, 0x0000000720400000, 0x00000007c0000000)
  eden space 131584K, 24% used [0x0000000715980000,0x000000071785c960,0x000000071da00000)
  from space 21504K, 0% used [0x000000071ef00000,0x000000071ef00000,0x0000000720400000)
  to   space 21504K, 0% used [0x000000071da00000,0x000000071da00000,0x000000071ef00000)
 ParOldGen       total 349696K, used 0K [0x00000005c0c00000, 0x00000005d6180000, 0x0000000715980000)
  object space 349696K, 0% used [0x00000005c0c00000,0x00000005c0c00000,0x00000005d6180000)
 Metaspace       used 11542K, capacity 11732K, committed 12032K, reserved 1060864K
  class space    used 1396K, capacity 1467K, committed 1536K, reserved 1048576K

Card table byte_map: [0x00000000120b0000,0x00000000130b0000] byte_map_base: 0x000000000f2aa000

Marking Bits: (ParMarkBitMap*) 0x000000006f27be50
 Begin Bits: [0x0000000014860000, 0x000000001c830000)
 End Bits:   [0x000000001c830000, 0x0000000024800000)

Polling page: 0x0000000001120000

CodeCache: size=245760Kb used=5324Kb max_used=5324Kb free=240435Kb
 bounds [0x0000000002cf0000, 0x0000000003230000, 0x0000000011cf0000]
 total_blobs=1395 nmethods=1042 adapters=264
 compilation: enabled

Compilation events (10 events):
Event: 0.315 Thread 0x0000000027cfd000 1038       1       com.sun.org.apache.xerces.internal.impl.xs.util.XInt::intValue (5 bytes)
Event: 0.315 Thread 0x0000000027cfd000 nmethod 1038 0x0000000003221c90 code [0x0000000003221de0, 0x0000000003221ef0]
Event: 0.315 Thread 0x0000000027cc6800 1039       1       com.sun.org.apache.xerces.internal.impl.xs.opti.NodeImpl::getNodeName (5 bytes)
Event: 0.315 Thread 0x0000000027cfd000 1040       3       com.sun.org.apache.xerces.internal.util.DOMUtil::getNamespaceURI (7 bytes)
Event: 0.315 Thread 0x0000000027cc6800 nmethod 1039 0x0000000003221f50 code [0x00000000032220a0, 0x00000000032221b0]
Event: 0.315 Thread 0x0000000027cfd000 nmethod 1040 0x0000000003222210 code [0x0000000003222380, 0x0000000003222588]
Event: 0.315 Thread 0x0000000027cc6800 1041       3       com.sun.org.apache.xerces.internal.util.SymbolTable::hash (21 bytes)
Event: 0.315 Thread 0x0000000027cd7000 1042       3       com.sun.org.apache.xerces.internal.util.SymbolHash::hash (31 bytes)
Event: 0.316 Thread 0x0000000027cc6800 nmethod 1041 0x0000000003223ed0 code [0x0000000003224040, 0x00000000032242d8]
Event: 0.316 Thread 0x0000000027cd7000 nmethod 1042 0x00000000032243d0 code [0x0000000003224560, 0x0000000003224a18]

GC Heap History (0 events):
No events

Deoptimization events (10 events):
Event: 0.196 Thread 0x0000000002bf4800 Uncommon trap: reason=unstable_if action=reinterpret pc=0x000000000307edfc method=java.lang.String.indexOf([CII[CIII)I @ 3
Event: 0.210 Thread 0x0000000002bf4800 Uncommon trap: reason=unstable_if action=reinterpret pc=0x00000000030ffaec method=java.util.HashMap.getNode(ILjava/lang/Object;)Ljava/util/HashMap$Node; @ 129
Event: 0.214 Thread 0x0000000002bf4800 Uncommon trap: reason=range_check action=make_not_entrant pc=0x00000000031003e8 method=sun.reflect.generics.parser.SignatureParser.current()C @ 34
Event: 0.216 Thread 0x0000000002bf4800 Uncommon trap: reason=unstable_if action=reinterpret pc=0x00000000030fa7cc method=java.util.HashMap.getNode(ILjava/lang/Object;)Ljava/util/HashMap$Node; @ 129
Event: 0.277 Thread 0x0000000002bf4800 Uncommon trap: reason=unstable_if action=reinterpret pc=0x00000000031dd5b8 method=java.io.DataInputStream.readUTF(Ljava/io/DataInput;)Ljava/lang/String; @ 31
Event: 0.281 Thread 0x0000000002bf4800 Uncommon trap: reason=unstable_if action=reinterpret pc=0x000000000310d140 method=java.lang.AbstractStringBuilder.append(Ljava/lang/String;)Ljava/lang/AbstractStringBuilder; @ 1
Event: 0.300 Thread 0x0000000002bf4800 Uncommon trap: reason=class_check action=maybe_recompile pc=0x00000000031e67cc method=java.io.FilterInputStream.read()I @ 4
Event: 0.300 Thread 0x0000000002bf4800 Uncommon trap: reason=class_check action=maybe_recompile pc=0x00000000031e67cc method=java.io.FilterInputStream.read()I @ 4
Event: 0.300 Thread 0x0000000002bf4800 Uncommon trap: reason=class_check action=maybe_recompile pc=0x00000000031e67cc method=java.io.FilterInputStream.read()I @ 4
Event: 0.300 Thread 0x0000000002bf4800 Uncommon trap: reason=class_check action=maybe_recompile pc=0x00000000031e67cc method=java.io.FilterInputStream.read()I @ 4

Classes redefined (0 events):
No events

Internal exceptions (10 events):
Event: 0.214 Thread 0x0000000002bf4800 Exception <a 'java/lang/ArrayIndexOutOfBoundsException': 74> (0x0000000716e18390) thrown at [C:\Users\jenkins\workspace\openjdk8_build_x86-64_windows\openjdk\hotspot\src\share\vm\interpreter\interpreterRuntime.cpp, line 366]
Event: 0.214 Thread 0x0000000002bf4800 Exception <a 'java/lang/ArrayIndexOutOfBoundsException': 74> (0x0000000716e192e0) thrown at [C:\Users\jenkins\workspace\openjdk8_build_x86-64_windows\openjdk\hotspot\src\share\vm\interpreter\interpreterRuntime.cpp, line 366]
Event: 0.214 Thread 0x0000000002bf4800 Exception <a 'java/lang/ArrayIndexOutOfBoundsException': 72> (0x0000000716e1a208) thrown at [C:\Users\jenkins\workspace\openjdk8_build_x86-64_windows\openjdk\hotspot\src\share\vm\interpreter\interpreterRuntime.cpp, line 366]
Event: 0.214 Thread 0x0000000002bf4800 Exception <a 'java/lang/ArrayIndexOutOfBoundsException': 56> (0x0000000716e1b458) thrown at [C:\Users\jenkins\workspace\openjdk8_build_x86-64_windows\openjdk\hotspot\src\share\vm\interpreter\interpreterRuntime.cpp, line 366]
Event: 0.214 Thread 0x0000000002bf4800 Exception <a 'java/lang/ArrayIndexOutOfBoundsException': 56> (0x0000000716e1c168) thrown at [C:\Users\jenkins\workspace\openjdk8_build_x86-64_windows\openjdk\hotspot\src\share\vm\interpreter\interpreterRuntime.cpp, line 366]
Event: 0.214 Thread 0x0000000002bf4800 Exception <a 'java/lang/ArrayIndexOutOfBoundsException': 72> (0x0000000716e1d0b8) thrown at [C:\Users\jenkins\workspace\openjdk8_build_x86-64_windows\openjdk\hotspot\src\share\vm\interpreter\interpreterRuntime.cpp, line 366]
Event: 0.214 Thread 0x0000000002bf4800 Exception <a 'java/lang/ArrayIndexOutOfBoundsException': 56> (0x0000000716e1e480) thrown at [C:\Users\jenkins\workspace\openjdk8_build_x86-64_windows\openjdk\hotspot\src\share\vm\interpreter\interpreterRuntime.cpp, line 366]
Event: 0.214 Thread 0x0000000002bf4800 Exception <a 'java/lang/ArrayIndexOutOfBoundsException': 56> (0x0000000716e1f190) thrown at [C:\Users\jenkins\workspace\openjdk8_build_x86-64_windows\openjdk\hotspot\src\share\vm\interpreter\interpreterRuntime.cpp, line 366]
Event: 0.214 Thread 0x0000000002bf4800 Exception <a 'java/lang/ArrayIndexOutOfBoundsException': 76> (0x0000000716e20248) thrown at [C:\Users\jenkins\workspace\openjdk8_build_x86-64_windows\openjdk\hotspot\src\share\vm\interpreter\interpreterRuntime.cpp, line 366]
Event: 0.281 Thread 0x0000000002bf4800 Implicit null exception at 0x000000000310cd96 to 0x000000000310d125

Events (10 events):
Event: 0.313 loading class com/sun/org/apache/xerces/internal/impl/xs/traversers/XSDAbstractTraverser$FacetInfo
Event: 0.313 loading class com/sun/org/apache/xerces/internal/impl/xs/traversers/XSDAbstractTraverser$FacetInfo done
Event: 0.313 loading class com/sun/org/apache/xerces/internal/impl/xpath/regex/Token$ConcatToken
Event: 0.313 loading class com/sun/org/apache/xerces/internal/impl/xpath/regex/Token$ConcatToken done
Event: 0.314 loading class com/sun/org/apache/xerces/internal/impl/xpath/regex/Token$StringToken
Event: 0.314 loading class com/sun/org/apache/xerces/internal/impl/xpath/regex/Token$StringToken done
Event: 0.316 loading class com/sun/org/apache/xerces/internal/impl/xs/XSConstraints
Event: 0.316 loading class com/sun/org/apache/xerces/internal/impl/xs/XSConstraints done
Event: 0.316 loading class com/sun/org/apache/xerces/internal/impl/xs/XSConstraints$1
Event: 0.316 loading class com/sun/org/apache/xerces/internal/impl/xs/XSConstraints$1 done


Dynamic libraries:
0x00007ff663710000 - 0x00007ff663745000 	C:\Program Files\Unity\Hub\Editor\2021.1.12f1\Editor\Data\PlaybackEngines\AndroidPlayer\OpenJDK\bin\java.exe
0x00007ff9d7f70000 - 0x00007ff9d8166000 	C:\Windows\SYSTEM32\ntdll.dll
0x00007ff9d5fd0000 - 0x00007ff9d608d000 	C:\Windows\System32\KERNEL32.DLL
0x00007ff9d59d0000 - 0x00007ff9d5c98000 	C:\Windows\System32\KERNELBASE.dll
0x00007ff9d6250000 - 0x00007ff9d62fc000 	C:\Windows\System32\ADVAPI32.dll
0x00007ff9d7af0000 - 0x00007ff9d7b8e000 	C:\Windows\System32\msvcrt.dll
0x00007ff9d7920000 - 0x00007ff9d79bb000 	C:\Windows\System32\sechost.dll
0x00007ff9d6100000 - 0x00007ff9d6224000 	C:\Windows\System32\RPCRT4.dll
0x00007ff9d6870000 - 0x00007ff9d6a10000 	C:\Windows\System32\USER32.dll
0x00007ff9d5830000 - 0x00007ff9d5852000 	C:\Windows\System32\win32u.dll
0x00007ff9d64e0000 - 0x00007ff9d650a000 	C:\Windows\System32\GDI32.dll
0x00007ff9d5860000 - 0x00007ff9d5969000 	C:\Windows\System32\gdi32full.dll
0x00007ff9d5ca0000 - 0x00007ff9d5d3d000 	C:\Windows\System32\msvcp_win.dll
0x00007ff9d56b0000 - 0x00007ff9d57b0000 	C:\Windows\System32\ucrtbase.dll
0x00007ff9c4d60000 - 0x00007ff9c4ffb000 	C:\Windows\WinSxS\amd64_microsoft.windows.common-controls_6595b64144ccf1df_6.0.19041.488_none_ca04af081b815d21\COMCTL32.dll
0x00007ff9d7a50000 - 0x00007ff9d7a80000 	C:\Windows\System32\IMM32.DLL
0x000000006f300000 - 0x000000006f3d2000 	C:\Program Files\Unity\Hub\Editor\2021.1.12f1\Editor\Data\PlaybackEngines\AndroidPlayer\OpenJDK\jre\bin\msvcr100.dll
0x000000006eab0000 - 0x000000006f2f9000 	C:\Program Files\Unity\Hub\Editor\2021.1.12f1\Editor\Data\PlaybackEngines\AndroidPlayer\OpenJDK\jre\bin\server\jvm.dll
0x00007ff9d7ae0000 - 0x00007ff9d7ae8000 	C:\Windows\System32\PSAPI.DLL
0x00007ff9cf800000 - 0x00007ff9cf80a000 	C:\Windows\SYSTEM32\VERSION.dll
0x00007ff9c1d00000 - 0x00007ff9c1d09000 	C:\Windows\SYSTEM32\WSOCK32.dll
0x00007ff9cea20000 - 0x00007ff9cea47000 	C:\Windows\SYSTEM32\WINMM.dll
0x00007ff9d6bd0000 - 0x00007ff9d6c3b000 	C:\Windows\System32\WS2_32.dll
0x00007ff98b3c0000 - 0x00007ff98b3cf000 	C:\Program Files\Unity\Hub\Editor\2021.1.12f1\Editor\Data\PlaybackEngines\AndroidPlayer\OpenJDK\jre\bin\verify.dll
0x00007ff98b390000 - 0x00007ff98b3b9000 	C:\Program Files\Unity\Hub\Editor\2021.1.12f1\Editor\Data\PlaybackEngines\AndroidPlayer\OpenJDK\jre\bin\java.dll
0x00007ff98a510000 - 0x00007ff98a526000 	C:\Program Files\Unity\Hub\Editor\2021.1.12f1\Editor\Data\PlaybackEngines\AndroidPlayer\OpenJDK\jre\bin\zip.dll
0x00007ff9d70b0000 - 0x00007ff9d77f1000 	C:\Windows\System32\SHELL32.dll
0x00007ff9d3820000 - 0x00007ff9d3fb5000 	C:\Windows\SYSTEM32\windows.storage.dll
0x00007ff9d6510000 - 0x00007ff9d6865000 	C:\Windows\System32\combase.dll
0x00007ff9d5120000 - 0x00007ff9d514c000 	C:\Windows\SYSTEM32\Wldp.dll
0x00007ff9d6300000 - 0x00007ff9d63ae000 	C:\Windows\System32\SHCORE.dll
0x00007ff9d7d20000 - 0x00007ff9d7d75000 	C:\Windows\System32\shlwapi.dll
0x00007ff9d55e0000 - 0x00007ff9d5606000 	C:\Windows\SYSTEM32\profapi.dll
0x00007ff98a4f0000 - 0x00007ff98a50a000 	C:\Program Files\Unity\Hub\Editor\2021.1.12f1\Editor\Data\PlaybackEngines\AndroidPlayer\OpenJDK\jre\bin\net.dll
0x00007ff9d4ea0000 - 0x00007ff9d4f0a000 	C:\Windows\system32\mswsock.dll
0x00007ff988f50000 - 0x00007ff988f61000 	C:\Program Files\Unity\Hub\Editor\2021.1.12f1\Editor\Data\PlaybackEngines\AndroidPlayer\OpenJDK\jre\bin\nio.dll
0x00007ff9cff30000 - 0x00007ff9d0114000 	C:\Windows\SYSTEM32\dbghelp.dll
0x00007ff9d57b0000 - 0x00007ff9d582f000 	C:\Windows\System32\bcryptPrimitives.dll

VM Arguments:
jvm_args: -Dfile.encoding=UTF-8 -Dcom.android.sdklib.toolsdir=C:\Program Files\Unity\Hub\Editor\2021.1.12f1\Editor\Data\PlaybackEngines\AndroidPlayer\SDK\tools\bin\\.. 
java_command: com.android.sdklib.tool.sdkmanager.SdkManagerCli --list
java_class_path (initial): C:\Program Files\Unity\Hub\Editor\2021.1.12f1\Editor\Data\PlaybackEngines\AndroidPlayer\SDK\tools\bin\..\lib\dvlib-26.0.0-dev.jar;C:\Program Files\Unity\Hub\Editor\2021.1.12f1\Editor\Data\PlaybackEngines\AndroidPlayer\SDK\tools\bin\..\lib\jimfs-1.1.jar;C:\Program Files\Unity\Hub\Editor\2021.1.12f1\Editor\Data\PlaybackEngines\AndroidPlayer\SDK\tools\bin\..\lib\jsr305-1.3.9.jar;C:\Program Files\Unity\Hub\Editor\2021.1.12f1\Editor\Data\PlaybackEngines\AndroidPlayer\SDK\tools\bin\..\lib\repository-26.0.0-dev.jar;C:\Program Files\Unity\Hub\Editor\2021.1.12f1\Editor\Data\PlaybackEngines\AndroidPlayer\SDK\tools\bin\..\lib\j2objc-annotations-1.1.jar;C:\Program Files\Unity\Hub\Editor\2021.1.12f1\Editor\Data\PlaybackEngines\AndroidPlayer\SDK\tools\bin\..\lib\layoutlib-api-26.0.0-dev.jar;C:\Program Files\Unity\Hub\Editor\2021.1.12f1\Editor\Data\PlaybackEngines\AndroidPlayer\SDK\tools\bin\..\lib\gson-2.3.jar;C:\Program Files\Unity\Hub\Editor\2021.1.12f1\Editor\Data\PlaybackEngines\AndroidPlayer\SDK\tools\bin\..\lib\httpcore-4.2.5.jar;C:\Program Files\Unity\Hub\Editor\2021.1.12f1\Editor\Data\PlaybackEngines\AndroidPlayer\SDK\tools\bin\..\lib\commons-logging-1.1.1.jar;C:\Program Files\Unity\Hub\Editor\2021.1.12f1\Editor\Data\PlaybackEngines\AndroidPlayer\SDK\tools\bin\..\lib\commons-compress-1.12.jar;C:\Program Files\Unity\Hub\Editor\2021.1.12f1\Editor\Data\PlaybackEngines\AndroidPlayer\SDK\tools\bin\..\lib\annotations-26.0.0-dev.jar;C:\Program Files\Unity\Hub\Editor\2021.1.12f1\Editor\Data\PlaybackEngines\AndroidPlayer\SDK\tools\bin\..\lib\error_prone_annotations-2.0.18.jar;C:\Program Files\Unity\Hub\Editor\2021.1.12f1\Editor\Data\PlaybackEngines\AndroidPlayer\SDK\tools\bin\..\lib\animal-sniffer-annotations-1.14.jar;C:\Program Files\Unity\Hub\Editor\2021.1.12f1\Editor\Data\PlaybackEngines\AndroidPlayer\SDK\tools\bin\..\lib\httpclient-4.2.6.jar;C:\Program Files\Unity\Hub\Editor\2021.1.12f1\Editor\Data\PlaybackEngines\AndroidPlayer\SDK\tools\bin\..\lib
Launcher Type: SUN_STANDARD

Environment Variables:
JAVA_HOME=C:\Program Files\Unity\Hub\Editor\2021.1.12f1\Editor\Data\PlaybackEngines\AndroidPlayer\OpenJDK
JAVA_TOOL_OPTIONS=-Dfile.encoding=UTF-8
PATH=C:\Program Files\AdoptOpenJDK\jdk-11.0.11.9-hotspot\bin;C:\Program Files\AdoptOpenJDK\jre-11.0.11.9-hotspot\bin;C:\Program Files (x86)\Common Files\Intel\Shared Libraries\redist\intel64\compiler;C:\Windows\system32;C:\Windows;C:\Windows\System32\Wbem;C:\Windows\System32\WindowsPowerShell\v1.0\;C:\Windows\System32\OpenSSH\;C:\Program Files\Microsoft SQL Server\130\Tools\Binn\;C:\Program Files\Git LFS;C:\Program Files\Git\cmd;C:\Program Files\dotnet\;C:\Users\User\AppData\Local\Microsoft\WindowsApps;C:\Users\User\.dotnet\tools
USERNAME=User
OS=Windows_NT
PROCESSOR_IDENTIFIER=AMD64 Family 23 Model 113 Stepping 0, AuthenticAMD



---------------  S Y S T E M  ---------------

OS: Windows 10.0 , 64 bit Build 19041 (10.0.19041.546)

CPU:total 16 (initial active 16) (16 cores per cpu, 1 threads per core) family 23 model 113 stepping 0, cmov, cx8, fxsr, mmx, sse, sse2, sse3, ssse3, sse4.1, sse4.2, popcnt, avx, avx2, aes, clmul, mmxext, 3dnowpref, lzcnt, sse4a, tsc, tscinvbit, tscinv, bmi1

Memory: 4k page, physical 33500968k(24687708k free), swap 50278184k(33646636k free)

vm_info: OpenJDK 64-Bit Server VM (25.71-b00) for windows-amd64 JRE (1.8.0-adoptopenjdk-_2018_05_19_00_59-b00), built on May 19 2018 01:02:12 by "jenkins" with MS VC++ 10.0 (VS2010)

time: Sat Jul 03 16:43:59 2021
elapsed time: 0 seconds (0d 0h 0m 0s)

